{"/home/samyukthap/Documents/Interview/user-management-app/Server/src/middleware/auth.middleware.js": {"path":"/home/samyukthap/Documents/Interview/user-management-app/Server/src/middleware/auth.middleware.js","statementMap":{"0":{"start":{"line":1,"column":12},"end":{"line":1,"column":35}},"1":{"start":{"line":3,"column":13},"end":{"line":17,"column":1}},"2":{"start":{"line":4,"column":2},"end":{"line":16,"column":3}},"3":{"start":{"line":5,"column":18},"end":{"line":5,"column":69}},"4":{"start":{"line":7,"column":4},"end":{"line":9,"column":5}},"5":{"start":{"line":8,"column":6},"end":{"line":8,"column":89}},"6":{"start":{"line":11,"column":21},"end":{"line":11,"column":83}},"7":{"start":{"line":12,"column":4},"end":{"line":12,"column":24}},"8":{"start":{"line":13,"column":4},"end":{"line":13,"column":11}},"9":{"start":{"line":15,"column":4},"end":{"line":15,"column":89}},"10":{"start":{"line":19,"column":0},"end":{"line":19,"column":22}}},"fnMap":{"0":{"name":"(anonymous_0)","decl":{"start":{"line":3,"column":13},"end":{"line":3,"column":14}},"loc":{"start":{"line":3,"column":33},"end":{"line":17,"column":1}},"line":3}},"branchMap":{"0":{"loc":{"start":{"line":7,"column":4},"end":{"line":9,"column":5}},"type":"if","locations":[{"start":{"line":7,"column":4},"end":{"line":9,"column":5}},{"start":{},"end":{}}],"line":7},"1":{"loc":{"start":{"line":11,"column":39},"end":{"line":11,"column":82}},"type":"binary-expr","locations":[{"start":{"line":11,"column":39},"end":{"line":11,"column":61}},{"start":{"line":11,"column":65},"end":{"line":11,"column":82}}],"line":11}},"s":{"0":2,"1":2,"2":3,"3":3,"4":3,"5":1,"6":2,"7":1,"8":1,"9":1,"10":2},"f":{"0":3},"b":{"0":[1,2],"1":[2,2]},"_coverageSchema":"1a1c01bbd47fc00a2c39e90264f33305004495a9","hash":"5c3fc7ce866e7a3cdd3b2258cae9fd4b144a3484"}
,"/home/samyukthap/Documents/Interview/user-management-app/Server/src/middleware/authenticateToken.js": {"path":"/home/samyukthap/Documents/Interview/user-management-app/Server/src/middleware/authenticateToken.js","statementMap":{"0":{"start":{"line":1,"column":12},"end":{"line":1,"column":35}},"1":{"start":{"line":4,"column":16},"end":{"line":4,"column":44}},"2":{"start":{"line":5,"column":2},"end":{"line":7,"column":3}},"3":{"start":{"line":6,"column":4},"end":{"line":6,"column":81}},"4":{"start":{"line":10,"column":22},"end":{"line":10,"column":79}},"5":{"start":{"line":12,"column":2},"end":{"line":18,"column":5}},"6":{"start":{"line":13,"column":4},"end":{"line":15,"column":5}},"7":{"start":{"line":14,"column":6},"end":{"line":14,"column":75}},"8":{"start":{"line":16,"column":4},"end":{"line":16,"column":23}},"9":{"start":{"line":17,"column":4},"end":{"line":17,"column":11}},"10":{"start":{"line":21,"column":0},"end":{"line":21,"column":35}}},"fnMap":{"0":{"name":"authenticateToken","decl":{"start":{"line":3,"column":9},"end":{"line":3,"column":26}},"loc":{"start":{"line":3,"column":43},"end":{"line":19,"column":1}},"line":3},"1":{"name":"(anonymous_1)","decl":{"start":{"line":12,"column":71},"end":{"line":12,"column":72}},"loc":{"start":{"line":12,"column":89},"end":{"line":18,"column":3}},"line":12}},"branchMap":{"0":{"loc":{"start":{"line":5,"column":2},"end":{"line":7,"column":3}},"type":"if","locations":[{"start":{"line":5,"column":2},"end":{"line":7,"column":3}},{"start":{},"end":{}}],"line":5},"1":{"loc":{"start":{"line":10,"column":22},"end":{"line":10,"column":79}},"type":"cond-expr","locations":[{"start":{"line":10,"column":52},"end":{"line":10,"column":71}},{"start":{"line":10,"column":74},"end":{"line":10,"column":79}}],"line":10},"2":{"loc":{"start":{"line":12,"column":26},"end":{"line":12,"column":69}},"type":"binary-expr","locations":[{"start":{"line":12,"column":26},"end":{"line":12,"column":48}},{"start":{"line":12,"column":52},"end":{"line":12,"column":69}}],"line":12},"3":{"loc":{"start":{"line":13,"column":4},"end":{"line":15,"column":5}},"type":"if","locations":[{"start":{"line":13,"column":4},"end":{"line":15,"column":5}},{"start":{},"end":{}}],"line":13}},"s":{"0":2,"1":4,"2":4,"3":1,"4":3,"5":3,"6":3,"7":2,"8":1,"9":1,"10":2},"f":{"0":4,"1":3},"b":{"0":[1,3],"1":[3,0],"2":[3,3],"3":[2,1]},"_coverageSchema":"1a1c01bbd47fc00a2c39e90264f33305004495a9","hash":"0f9b5b80c9271714a8bee9527cbf9e0728612303"}
,"/home/samyukthap/Documents/Interview/user-management-app/Server/src/models/activity.model.js": {"path":"/home/samyukthap/Documents/Interview/user-management-app/Server/src/models/activity.model.js","statementMap":{"0":{"start":{"line":1,"column":17},"end":{"line":1,"column":36}},"1":{"start":{"line":3,"column":23},"end":{"line":17,"column":2}},"2":{"start":{"line":19,"column":0},"end":{"line":19,"column":60}}},"fnMap":{},"branchMap":{},"s":{"0":2,"1":2,"2":2},"f":{},"b":{},"_coverageSchema":"1a1c01bbd47fc00a2c39e90264f33305004495a9","hash":"1410cb8c5f2eb7784a13d7b330487db3ef150b81"}
,"/home/samyukthap/Documents/Interview/user-management-app/Server/src/models/upload.model.js": {"path":"/home/samyukthap/Documents/Interview/user-management-app/Server/src/models/upload.model.js","statementMap":{"0":{"start":{"line":1,"column":17},"end":{"line":1,"column":36}},"1":{"start":{"line":4,"column":18},"end":{"line":8,"column":4}},"2":{"start":{"line":10,"column":2},"end":{"line":10,"column":52}}},"fnMap":{},"branchMap":{},"s":{"0":2,"1":2,"2":2},"f":{},"b":{},"_coverageSchema":"1a1c01bbd47fc00a2c39e90264f33305004495a9","hash":"ace77e7e1050ae2c2245bca6f2366b863addcb64"}
,"/home/samyukthap/Documents/Interview/user-management-app/Server/src/models/user.model.js": {"path":"/home/samyukthap/Documents/Interview/user-management-app/Server/src/models/user.model.js","statementMap":{"0":{"start":{"line":1,"column":17},"end":{"line":1,"column":36}},"1":{"start":{"line":2,"column":15},"end":{"line":2,"column":34}},"2":{"start":{"line":4,"column":19},"end":{"line":39,"column":2}},"3":{"start":{"line":42,"column":0},"end":{"line":50,"column":2}},"4":{"start":{"line":43,"column":2},"end":{"line":49,"column":3}},"5":{"start":{"line":44,"column":18},"end":{"line":44,"column":72}},"6":{"start":{"line":45,"column":4},"end":{"line":45,"column":17}},"7":{"start":{"line":47,"column":4},"end":{"line":47,"column":55}},"8":{"start":{"line":48,"column":4},"end":{"line":48,"column":16}},"9":{"start":{"line":54,"column":0},"end":{"line":54,"column":52}}},"fnMap":{"0":{"name":"(anonymous_0)","decl":{"start":{"line":42,"column":37},"end":{"line":42,"column":38}},"loc":{"start":{"line":42,"column":71},"end":{"line":50,"column":1}},"line":42}},"branchMap":{},"s":{"0":2,"1":2,"2":2,"3":2,"4":0,"5":0,"6":0,"7":0,"8":0,"9":2},"f":{"0":0},"b":{},"_coverageSchema":"1a1c01bbd47fc00a2c39e90264f33305004495a9","hash":"f121237677f7228c2dc0d216c0addc39dffc5505"}
,"/home/samyukthap/Documents/Interview/user-management-app/Server/src/routes/upload.routes.js": {"path":"/home/samyukthap/Documents/Interview/user-management-app/Server/src/routes/upload.routes.js","statementMap":{"0":{"start":{"line":1,"column":16},"end":{"line":1,"column":34}},"1":{"start":{"line":2,"column":15},"end":{"line":2,"column":32}},"2":{"start":{"line":3,"column":18},"end":{"line":3,"column":38}},"3":{"start":{"line":4,"column":19},"end":{"line":4,"column":36}},"4":{"start":{"line":5,"column":17},"end":{"line":5,"column":36}},"5":{"start":{"line":6,"column":13},"end":{"line":6,"column":28}},"6":{"start":{"line":8,"column":15},"end":{"line":8,"column":31}},"7":{"start":{"line":11,"column":18},"end":{"line":15,"column":2}},"8":{"start":{"line":16,"column":16},"end":{"line":16,"column":52}},"9":{"start":{"line":19,"column":15},"end":{"line":27,"column":2}},"10":{"start":{"line":22,"column":4},"end":{"line":24,"column":5}},"11":{"start":{"line":23,"column":6},"end":{"line":23,"column":65}},"12":{"start":{"line":25,"column":4},"end":{"line":25,"column":19}},"13":{"start":{"line":30,"column":0},"end":{"line":73,"column":3}},"14":{"start":{"line":31,"column":2},"end":{"line":31,"column":29}},"15":{"start":{"line":33,"column":2},"end":{"line":35,"column":3}},"16":{"start":{"line":34,"column":4},"end":{"line":34,"column":63}},"17":{"start":{"line":38,"column":14},"end":{"line":38,"column":63}},"18":{"start":{"line":39,"column":2},"end":{"line":41,"column":3}},"19":{"start":{"line":40,"column":4},"end":{"line":40,"column":93}},"20":{"start":{"line":43,"column":2},"end":{"line":72,"column":3}},"21":{"start":{"line":44,"column":20},"end":{"line":44,"column":22}},"22":{"start":{"line":45,"column":19},"end":{"line":49,"column":6}},"23":{"start":{"line":51,"column":4},"end":{"line":53,"column":5}},"24":{"start":{"line":52,"column":6},"end":{"line":52,"column":27}},"25":{"start":{"line":56,"column":4},"end":{"line":58,"column":5}},"26":{"start":{"line":57,"column":6},"end":{"line":57,"column":91}},"27":{"start":{"line":61,"column":20},"end":{"line":64,"column":6}},"28":{"start":{"line":66,"column":4},"end":{"line":66,"column":25}},"29":{"start":{"line":68,"column":4},"end":{"line":68,"column":85}},"30":{"start":{"line":70,"column":4},"end":{"line":70,"column":51}},"31":{"start":{"line":71,"column":4},"end":{"line":71,"column":100}},"32":{"start":{"line":76,"column":0},"end":{"line":83,"column":3}},"33":{"start":{"line":77,"column":2},"end":{"line":82,"column":3}},"34":{"start":{"line":78,"column":20},"end":{"line":78,"column":65}},"35":{"start":{"line":79,"column":4},"end":{"line":79,"column":22}},"36":{"start":{"line":81,"column":4},"end":{"line":81,"column":62}},"37":{"start":{"line":85,"column":0},"end":{"line":85,"column":24}}},"fnMap":{"0":{"name":"(anonymous_0)","decl":{"start":{"line":21,"column":14},"end":{"line":21,"column":15}},"loc":{"start":{"line":21,"column":33},"end":{"line":26,"column":3}},"line":21},"1":{"name":"(anonymous_1)","decl":{"start":{"line":30,"column":46},"end":{"line":30,"column":47}},"loc":{"start":{"line":30,"column":66},"end":{"line":73,"column":1}},"line":30},"2":{"name":"(anonymous_2)","decl":{"start":{"line":76,"column":23},"end":{"line":76,"column":24}},"loc":{"start":{"line":76,"column":43},"end":{"line":83,"column":1}},"line":76}},"branchMap":{"0":{"loc":{"start":{"line":22,"column":4},"end":{"line":24,"column":5}},"type":"if","locations":[{"start":{"line":22,"column":4},"end":{"line":24,"column":5}},{"start":{},"end":{}}],"line":22},"1":{"loc":{"start":{"line":33,"column":2},"end":{"line":35,"column":3}},"type":"if","locations":[{"start":{"line":33,"column":2},"end":{"line":35,"column":3}},{"start":{},"end":{}}],"line":33},"2":{"loc":{"start":{"line":39,"column":2},"end":{"line":41,"column":3}},"type":"if","locations":[{"start":{"line":39,"column":2},"end":{"line":41,"column":3}},{"start":{},"end":{}}],"line":39},"3":{"loc":{"start":{"line":56,"column":4},"end":{"line":58,"column":5}},"type":"if","locations":[{"start":{"line":56,"column":4},"end":{"line":58,"column":5}},{"start":{},"end":{}}],"line":56}},"s":{"0":2,"1":2,"2":2,"3":2,"4":2,"5":2,"6":2,"7":2,"8":2,"9":2,"10":2,"11":0,"12":2,"13":2,"14":3,"15":3,"16":1,"17":2,"18":2,"19":0,"20":2,"21":2,"22":2,"23":2,"24":4,"25":2,"26":0,"27":2,"28":2,"29":2,"30":0,"31":0,"32":2,"33":1,"34":1,"35":1,"36":0,"37":2},"f":{"0":2,"1":3,"2":1},"b":{"0":[0,2],"1":[1,2],"2":[0,2],"3":[0,2]},"_coverageSchema":"1a1c01bbd47fc00a2c39e90264f33305004495a9","hash":"36e30ee214380fd10759f9e0e88f7ddb7baaf89d"}
,"/home/samyukthap/Documents/Interview/user-management-app/Server/src/routes/user.routes.js": {"path":"/home/samyukthap/Documents/Interview/user-management-app/Server/src/routes/user.routes.js","statementMap":{"0":{"start":{"line":1,"column":16},"end":{"line":1,"column":34}},"1":{"start":{"line":2,"column":13},"end":{"line":2,"column":53}},"2":{"start":{"line":3,"column":13},"end":{"line":3,"column":44}},"3":{"start":{"line":4,"column":17},"end":{"line":4,"column":52}},"4":{"start":{"line":5,"column":26},"end":{"line":5,"column":68}},"5":{"start":{"line":7,"column":15},"end":{"line":7,"column":31}},"6":{"start":{"line":8,"column":15},"end":{"line":8,"column":34}},"7":{"start":{"line":11,"column":0},"end":{"line":26,"column":3}},"8":{"start":{"line":12,"column":2},"end":{"line":25,"column":3}},"9":{"start":{"line":15,"column":4},"end":{"line":17,"column":5}},"10":{"start":{"line":16,"column":6},"end":{"line":16,"column":64}},"11":{"start":{"line":20,"column":18},"end":{"line":20,"column":50}},"12":{"start":{"line":21,"column":4},"end":{"line":21,"column":20}},"13":{"start":{"line":23,"column":4},"end":{"line":23,"column":58}},"14":{"start":{"line":24,"column":4},"end":{"line":24,"column":84}},"15":{"start":{"line":30,"column":0},"end":{"line":46,"column":3}},"16":{"start":{"line":31,"column":2},"end":{"line":45,"column":3}},"17":{"start":{"line":32,"column":17},"end":{"line":32,"column":64}},"18":{"start":{"line":33,"column":4},"end":{"line":35,"column":5}},"19":{"start":{"line":34,"column":6},"end":{"line":34,"column":65}},"20":{"start":{"line":38,"column":4},"end":{"line":40,"column":5}},"21":{"start":{"line":39,"column":6},"end":{"line":39,"column":64}},"22":{"start":{"line":42,"column":4},"end":{"line":42,"column":19}},"23":{"start":{"line":44,"column":4},"end":{"line":44,"column":83}},"24":{"start":{"line":49,"column":0},"end":{"line":99,"column":3}},"25":{"start":{"line":50,"column":2},"end":{"line":98,"column":3}},"26":{"start":{"line":52,"column":4},"end":{"line":54,"column":5}},"27":{"start":{"line":53,"column":6},"end":{"line":53,"column":64}},"28":{"start":{"line":57,"column":56},"end":{"line":57,"column":64}},"29":{"start":{"line":60,"column":4},"end":{"line":62,"column":5}},"30":{"start":{"line":61,"column":6},"end":{"line":61,"column":93}},"31":{"start":{"line":65,"column":25},"end":{"line":65,"column":54}},"32":{"start":{"line":66,"column":4},"end":{"line":68,"column":5}},"33":{"start":{"line":67,"column":6},"end":{"line":67,"column":71}},"34":{"start":{"line":71,"column":27},"end":{"line":71,"column":58}},"35":{"start":{"line":74,"column":20},"end":{"line":80,"column":6}},"36":{"start":{"line":83,"column":4},"end":{"line":83,"column":25}},"37":{"start":{"line":86,"column":4},"end":{"line":94,"column":7}},"38":{"start":{"line":96,"column":4},"end":{"line":96,"column":49}},"39":{"start":{"line":97,"column":4},"end":{"line":97,"column":83}},"40":{"start":{"line":104,"column":0},"end":{"line":138,"column":3}},"41":{"start":{"line":105,"column":2},"end":{"line":137,"column":3}},"42":{"start":{"line":107,"column":4},"end":{"line":109,"column":5}},"43":{"start":{"line":108,"column":6},"end":{"line":108,"column":64}},"44":{"start":{"line":111,"column":46},"end":{"line":111,"column":54}},"45":{"start":{"line":112,"column":23},"end":{"line":112,"column":50}},"46":{"start":{"line":115,"column":4},"end":{"line":117,"column":5}},"47":{"start":{"line":116,"column":6},"end":{"line":116,"column":29}},"48":{"start":{"line":119,"column":17},"end":{"line":123,"column":5}},"49":{"start":{"line":125,"column":4},"end":{"line":127,"column":5}},"50":{"start":{"line":126,"column":6},"end":{"line":126,"column":65}},"51":{"start":{"line":129,"column":4},"end":{"line":132,"column":7}},"52":{"start":{"line":134,"column":4},"end":{"line":134,"column":19}},"53":{"start":{"line":136,"column":4},"end":{"line":136,"column":83}},"54":{"start":{"line":141,"column":0},"end":{"line":162,"column":3}},"55":{"start":{"line":142,"column":2},"end":{"line":161,"column":3}},"56":{"start":{"line":144,"column":4},"end":{"line":146,"column":5}},"57":{"start":{"line":145,"column":6},"end":{"line":145,"column":64}},"58":{"start":{"line":148,"column":17},"end":{"line":148,"column":60}},"59":{"start":{"line":149,"column":4},"end":{"line":151,"column":5}},"60":{"start":{"line":150,"column":6},"end":{"line":150,"column":65}},"61":{"start":{"line":153,"column":4},"end":{"line":156,"column":7}},"62":{"start":{"line":158,"column":4},"end":{"line":158,"column":55}},"63":{"start":{"line":160,"column":4},"end":{"line":160,"column":83}},"64":{"start":{"line":164,"column":0},"end":{"line":164,"column":24}}},"fnMap":{"0":{"name":"(anonymous_0)","decl":{"start":{"line":11,"column":35},"end":{"line":11,"column":36}},"loc":{"start":{"line":11,"column":55},"end":{"line":26,"column":1}},"line":11},"1":{"name":"(anonymous_1)","decl":{"start":{"line":30,"column":38},"end":{"line":30,"column":39}},"loc":{"start":{"line":30,"column":58},"end":{"line":46,"column":1}},"line":30},"2":{"name":"(anonymous_2)","decl":{"start":{"line":49,"column":43},"end":{"line":49,"column":44}},"loc":{"start":{"line":49,"column":63},"end":{"line":99,"column":1}},"line":49},"3":{"name":"(anonymous_3)","decl":{"start":{"line":104,"column":38},"end":{"line":104,"column":39}},"loc":{"start":{"line":104,"column":58},"end":{"line":138,"column":1}},"line":104},"4":{"name":"(anonymous_4)","decl":{"start":{"line":141,"column":41},"end":{"line":141,"column":42}},"loc":{"start":{"line":141,"column":61},"end":{"line":162,"column":1}},"line":141}},"branchMap":{"0":{"loc":{"start":{"line":15,"column":4},"end":{"line":17,"column":5}},"type":"if","locations":[{"start":{"line":15,"column":4},"end":{"line":17,"column":5}},{"start":{},"end":{}}],"line":15},"1":{"loc":{"start":{"line":33,"column":4},"end":{"line":35,"column":5}},"type":"if","locations":[{"start":{"line":33,"column":4},"end":{"line":35,"column":5}},{"start":{},"end":{}}],"line":33},"2":{"loc":{"start":{"line":38,"column":4},"end":{"line":40,"column":5}},"type":"if","locations":[{"start":{"line":38,"column":4},"end":{"line":40,"column":5}},{"start":{},"end":{}}],"line":38},"3":{"loc":{"start":{"line":38,"column":8},"end":{"line":38,"column":66}},"type":"binary-expr","locations":[{"start":{"line":38,"column":8},"end":{"line":38,"column":33}},{"start":{"line":38,"column":37},"end":{"line":38,"column":66}}],"line":38},"4":{"loc":{"start":{"line":52,"column":4},"end":{"line":54,"column":5}},"type":"if","locations":[{"start":{"line":52,"column":4},"end":{"line":54,"column":5}},{"start":{},"end":{}}],"line":52},"5":{"loc":{"start":{"line":60,"column":4},"end":{"line":62,"column":5}},"type":"if","locations":[{"start":{"line":60,"column":4},"end":{"line":62,"column":5}},{"start":{},"end":{}}],"line":60},"6":{"loc":{"start":{"line":60,"column":8},"end":{"line":60,"column":40}},"type":"binary-expr","locations":[{"start":{"line":60,"column":8},"end":{"line":60,"column":17}},{"start":{"line":60,"column":21},"end":{"line":60,"column":27}},{"start":{"line":60,"column":31},"end":{"line":60,"column":40}}],"line":60},"7":{"loc":{"start":{"line":66,"column":4},"end":{"line":68,"column":5}},"type":"if","locations":[{"start":{"line":66,"column":4},"end":{"line":68,"column":5}},{"start":{},"end":{}}],"line":66},"8":{"loc":{"start":{"line":78,"column":12},"end":{"line":78,"column":28}},"type":"binary-expr","locations":[{"start":{"line":78,"column":12},"end":{"line":78,"column":16}},{"start":{"line":78,"column":20},"end":{"line":78,"column":28}}],"line":78},"9":{"loc":{"start":{"line":107,"column":4},"end":{"line":109,"column":5}},"type":"if","locations":[{"start":{"line":107,"column":4},"end":{"line":109,"column":5}},{"start":{},"end":{}}],"line":107},"10":{"loc":{"start":{"line":107,"column":8},"end":{"line":107,"column":66}},"type":"binary-expr","locations":[{"start":{"line":107,"column":8},"end":{"line":107,"column":33}},{"start":{"line":107,"column":37},"end":{"line":107,"column":66}}],"line":107},"11":{"loc":{"start":{"line":115,"column":4},"end":{"line":117,"column":5}},"type":"if","locations":[{"start":{"line":115,"column":4},"end":{"line":117,"column":5}},{"start":{},"end":{}}],"line":115},"12":{"loc":{"start":{"line":115,"column":8},"end":{"line":115,"column":41}},"type":"binary-expr","locations":[{"start":{"line":115,"column":8},"end":{"line":115,"column":33}},{"start":{"line":115,"column":37},"end":{"line":115,"column":41}}],"line":115},"13":{"loc":{"start":{"line":125,"column":4},"end":{"line":127,"column":5}},"type":"if","locations":[{"start":{"line":125,"column":4},"end":{"line":127,"column":5}},{"start":{},"end":{}}],"line":125},"14":{"loc":{"start":{"line":144,"column":4},"end":{"line":146,"column":5}},"type":"if","locations":[{"start":{"line":144,"column":4},"end":{"line":146,"column":5}},{"start":{},"end":{}}],"line":144},"15":{"loc":{"start":{"line":149,"column":4},"end":{"line":151,"column":5}},"type":"if","locations":[{"start":{"line":149,"column":4},"end":{"line":151,"column":5}},{"start":{},"end":{}}],"line":149}},"s":{"0":1,"1":1,"2":1,"3":1,"4":1,"5":1,"6":1,"7":1,"8":2,"9":2,"10":1,"11":1,"12":1,"13":0,"14":0,"15":1,"16":2,"17":2,"18":2,"19":0,"20":2,"21":1,"22":1,"23":0,"24":1,"25":2,"26":2,"27":1,"28":1,"29":1,"30":0,"31":1,"32":1,"33":0,"34":1,"35":1,"36":1,"37":1,"38":0,"39":0,"40":1,"41":2,"42":2,"43":1,"44":1,"45":1,"46":1,"47":0,"48":1,"49":1,"50":0,"51":1,"52":1,"53":0,"54":1,"55":2,"56":2,"57":1,"58":1,"59":1,"60":0,"61":1,"62":1,"63":0,"64":1},"f":{"0":2,"1":2,"2":2,"3":2,"4":2},"b":{"0":[1,1],"1":[0,2],"2":[1,1],"3":[2,1],"4":[1,1],"5":[0,1],"6":[1,1,1],"7":[0,1],"8":[1,0],"9":[1,1],"10":[2,2],"11":[0,1],"12":[1,0],"13":[0,1],"14":[1,1],"15":[0,1]},"_coverageSchema":"1a1c01bbd47fc00a2c39e90264f33305004495a9","hash":"f868d04ac31817ca90b360efa439bb5be4fc6149"}
}
