TN:
SF:Server/src/middleware/auth.middleware.js
FN:3,(anonymous_0)
FNF:1
FNH:1
FNDA:3,(anonymous_0)
DA:1,2
DA:3,2
DA:4,3
DA:5,3
DA:7,3
DA:8,1
DA:11,2
DA:12,1
DA:13,1
DA:15,1
DA:19,2
LF:11
LH:11
BRDA:7,0,0,1
BRDA:7,0,1,2
BRDA:11,1,0,2
BRDA:11,1,1,2
BRF:4
BRH:4
end_of_record
TN:
SF:Server/src/middleware/authenticateToken.js
FN:3,authenticateToken
FN:12,(anonymous_1)
FNF:2
FNH:2
FNDA:4,authenticateToken
FNDA:3,(anonymous_1)
DA:1,2
DA:4,4
DA:5,4
DA:6,1
DA:10,3
DA:12,3
DA:13,3
DA:14,2
DA:16,1
DA:17,1
DA:21,2
LF:11
LH:11
BRDA:5,0,0,1
BRDA:5,0,1,3
BRDA:10,1,0,3
BRDA:10,1,1,0
BRDA:12,2,0,3
BRDA:12,2,1,3
BRDA:13,3,0,2
BRDA:13,3,1,1
BRF:8
BRH:7
end_of_record
TN:
SF:Server/src/models/activity.model.js
FNF:0
FNH:0
DA:1,2
DA:3,2
DA:19,2
LF:3
LH:3
BRF:0
BRH:0
end_of_record
TN:
SF:Server/src/models/upload.model.js
FNF:0
FNH:0
DA:1,2
DA:4,2
DA:10,2
LF:3
LH:3
BRF:0
BRH:0
end_of_record
TN:
SF:Server/src/models/user.model.js
FN:42,(anonymous_0)
FNF:1
FNH:0
FNDA:0,(anonymous_0)
DA:1,2
DA:2,2
DA:4,2
DA:42,2
DA:43,0
DA:44,0
DA:45,0
DA:47,0
DA:48,0
DA:54,2
LF:10
LH:5
BRF:0
BRH:0
end_of_record
TN:
SF:Server/src/routes/upload.routes.js
FN:21,(anonymous_0)
FN:30,(anonymous_1)
FN:76,(anonymous_2)
FNF:3
FNH:3
FNDA:2,(anonymous_0)
FNDA:3,(anonymous_1)
FNDA:1,(anonymous_2)
DA:1,2
DA:2,2
DA:3,2
DA:4,2
DA:5,2
DA:6,2
DA:8,2
DA:11,2
DA:16,2
DA:19,2
DA:22,2
DA:23,0
DA:25,2
DA:30,2
DA:31,3
DA:33,3
DA:34,1
DA:38,2
DA:39,2
DA:40,0
DA:43,2
DA:44,2
DA:45,2
DA:51,2
DA:52,4
DA:56,2
DA:57,0
DA:61,2
DA:66,2
DA:68,2
DA:70,0
DA:71,0
DA:76,2
DA:77,1
DA:78,1
DA:79,1
DA:81,0
DA:85,2
LF:38
LH:32
BRDA:22,0,0,0
BRDA:22,0,1,2
BRDA:33,1,0,1
BRDA:33,1,1,2
BRDA:39,2,0,0
BRDA:39,2,1,2
BRDA:56,3,0,0
BRDA:56,3,1,2
BRF:8
BRH:5
end_of_record
TN:
SF:Server/src/routes/user.routes.js
FN:11,(anonymous_0)
FN:30,(anonymous_1)
FN:49,(anonymous_2)
FN:104,(anonymous_3)
FN:141,(anonymous_4)
FNF:5
FNH:5
FNDA:2,(anonymous_0)
FNDA:2,(anonymous_1)
FNDA:2,(anonymous_2)
FNDA:2,(anonymous_3)
FNDA:2,(anonymous_4)
DA:1,1
DA:2,1
DA:3,1
DA:4,1
DA:5,1
DA:7,1
DA:8,1
DA:11,1
DA:12,2
DA:15,2
DA:16,1
DA:20,1
DA:21,1
DA:23,0
DA:24,0
DA:30,1
DA:31,2
DA:32,2
DA:33,2
DA:34,0
DA:38,2
DA:39,1
DA:42,1
DA:44,0
DA:49,1
DA:50,2
DA:52,2
DA:53,1
DA:57,1
DA:60,1
DA:61,0
DA:65,1
DA:66,1
DA:67,0
DA:71,1
DA:74,1
DA:83,1
DA:86,1
DA:96,0
DA:97,0
DA:104,1
DA:105,2
DA:107,2
DA:108,1
DA:111,1
DA:112,1
DA:115,1
DA:116,0
DA:119,1
DA:125,1
DA:126,0
DA:129,1
DA:134,1
DA:136,0
DA:141,1
DA:142,2
DA:144,2
DA:145,1
DA:148,1
DA:149,1
DA:150,0
DA:153,1
DA:158,1
DA:160,0
DA:164,1
LF:65
LH:52
BRDA:15,0,0,1
BRDA:15,0,1,1
BRDA:33,1,0,0
BRDA:33,1,1,2
BRDA:38,2,0,1
BRDA:38,2,1,1
BRDA:38,3,0,2
BRDA:38,3,1,1
BRDA:52,4,0,1
BRDA:52,4,1,1
BRDA:60,5,0,0
BRDA:60,5,1,1
BRDA:60,6,0,1
BRDA:60,6,1,1
BRDA:60,6,2,1
BRDA:66,7,0,0
BRDA:66,7,1,1
BRDA:78,8,0,1
BRDA:78,8,1,0
BRDA:107,9,0,1
BRDA:107,9,1,1
BRDA:107,10,0,2
BRDA:107,10,1,2
BRDA:115,11,0,0
BRDA:115,11,1,1
BRDA:115,12,0,1
BRDA:115,12,1,0
BRDA:125,13,0,0
BRDA:125,13,1,1
BRDA:144,14,0,1
BRDA:144,14,1,1
BRDA:149,15,0,0
BRDA:149,15,1,1
BRF:33
BRH:25
end_of_record
